{"/home/shadi/SE2web/SE2/src/app.ts": {"path":"/home/shadi/SE2web/SE2/src/app.ts","statementMap":{"0":{"start":{"line":18,"column":22},"end":{"line":18,"column":43}},"1":{"start":{"line":18,"column":53},"end":{"line":18,"column":76}},"2":{"start":{"line":17,"column":10},"end":{"line":17,"column":31}},"3":{"start":{"line":22,"column":6},"end":{"line":22,"column":25}},"4":{"start":{"line":25,"column":4},"end":{"line":31,"column":5}},"5":{"start":{"line":26,"column":28},"end":{"line":26,"column":68}},"6":{"start":{"line":27,"column":8},"end":{"line":27,"column":39}},"7":{"start":{"line":28,"column":8},"end":{"line":28,"column":32}},"8":{"start":{"line":30,"column":8},"end":{"line":30,"column":64}},"9":{"start":{"line":34,"column":6},"end":{"line":34,"column":61}},"10":{"start":{"line":34,"column":44},"end":{"line":34,"column":59}},"11":{"start":{"line":38,"column":6},"end":{"line":38,"column":53}},"12":{"start":{"line":41,"column":6},"end":{"line":41,"column":51}},"13":{"start":{"line":15,"column":0},"end":{"line":15,"column":13}},"14":{"start":{"line":53,"column":21},"end":{"line":53,"column":42}},"15":{"start":{"line":64,"column":6},"end":{"line":64,"column":null}},"16":{"start":{"line":64,"column":33},"end":{"line":64,"column":53}},"17":{"start":{"line":52,"column":0},"end":{"line":52,"column":13}},"18":{"start":{"line":70,"column":10},"end":{"line":70,"column":45}},"19":{"start":{"line":83,"column":10},"end":{"line":85,"column":13}},"20":{"start":{"line":84,"column":14},"end":{"line":84,"column":105}},"21":{"start":{"line":68,"column":0},"end":{"line":68,"column":14}},"22":{"start":{"line":72,"column":21},"end":{"line":81,"column":10}},"23":{"start":{"line":92,"column":10},"end":{"line":94,"column":11}},"24":{"start":{"line":93,"column":14},"end":{"line":93,"column":65}},"25":{"start":{"line":90,"column":0},"end":{"line":90,"column":14}},"26":{"start":{"line":101,"column":10},"end":{"line":103,"column":11}},"27":{"start":{"line":102,"column":14},"end":{"line":102,"column":61}},"28":{"start":{"line":99,"column":0},"end":{"line":99,"column":14}},"29":{"start":{"line":110,"column":6},"end":{"line":110,"column":49}},"30":{"start":{"line":111,"column":6},"end":{"line":111,"column":36}},"31":{"start":{"line":107,"column":0},"end":{"line":107,"column":13}},"32":{"start":{"line":121,"column":6},"end":{"line":121,"column":null}},"33":{"start":{"line":121,"column":43},"end":{"line":121,"column":62}},"34":{"start":{"line":125,"column":6},"end":{"line":125,"column":null}},"35":{"start":{"line":118,"column":0},"end":{"line":118,"column":13}}},"fnMap":{"0":{"name":"(anonymous_0)","decl":{"start":{"line":18,"column":2},"end":{"line":18,"column":22}},"loc":{"start":{"line":18,"column":76},"end":{"line":20,"column":3}}},"1":{"name":"(anonymous_1)","decl":{"start":{"line":21,"column":2},"end":{"line":21,"column":11}},"loc":{"start":{"line":21,"column":11},"end":{"line":23,"column":3}}},"2":{"name":"(anonymous_2)","decl":{"start":{"line":24,"column":2},"end":{"line":24,"column":10}},"loc":{"start":{"line":24,"column":38},"end":{"line":32,"column":3}}},"3":{"name":"(anonymous_3)","decl":{"start":{"line":33,"column":2},"end":{"line":33,"column":14}},"loc":{"start":{"line":33,"column":25},"end":{"line":35,"column":3}}},"4":{"name":"(anonymous_4)","decl":{"start":{"line":34,"column":35},"end":{"line":34,"column":40}},"loc":{"start":{"line":34,"column":44},"end":{"line":34,"column":59}}},"5":{"name":"(anonymous_5)","decl":{"start":{"line":36,"column":2},"end":{"line":36,"column":16}},"loc":{"start":{"line":36,"column":16},"end":{"line":39,"column":3}}},"6":{"name":"(anonymous_6)","decl":{"start":{"line":40,"column":2},"end":{"line":40,"column":15}},"loc":{"start":{"line":40,"column":15},"end":{"line":42,"column":3}}},"7":{"name":"(anonymous_7)","decl":{"start":{"line":53,"column":1},"end":{"line":53,"column":21}},"loc":{"start":{"line":57,"column":2},"end":{"line":59,"column":2}}},"8":{"name":"(anonymous_8)","decl":{"start":{"line":63,"column":2},"end":{"line":63,"column":10}},"loc":{"start":{"line":63,"column":23},"end":{"line":65,"column":3}}},"9":{"name":"(anonymous_9)","decl":{"start":{"line":64,"column":25},"end":{"line":64,"column":29}},"loc":{"start":{"line":64,"column":33},"end":{"line":64,"column":53}}},"10":{"name":"(anonymous_10)","decl":{"start":{"line":69,"column":6},"end":{"line":69,"column":22}},"loc":{"start":{"line":69,"column":22},"end":{"line":71,"column":7}}},"11":{"name":"(anonymous_11)","decl":{"start":{"line":82,"column":6},"end":{"line":82,"column":14}},"loc":{"start":{"line":82,"column":27},"end":{"line":86,"column":7}}},"12":{"name":"(anonymous_12)","decl":{"start":{"line":91,"column":6},"end":{"line":91,"column":14}},"loc":{"start":{"line":91,"column":27},"end":{"line":95,"column":5}}},"13":{"name":"(anonymous_13)","decl":{"start":{"line":100,"column":6},"end":{"line":100,"column":14}},"loc":{"start":{"line":100,"column":27},"end":{"line":104,"column":7}}},"14":{"name":"(anonymous_14)","decl":{"start":{"line":109,"column":2},"end":{"line":109,"column":14}},"loc":{"start":{"line":109,"column":25},"end":{"line":112,"column":3}}},"15":{"name":"(anonymous_15)","decl":{"start":{"line":120,"column":10},"end":{"line":120,"column":20}},"loc":{"start":{"line":120,"column":35},"end":{"line":123,"column":3}}},"16":{"name":"(anonymous_16)","decl":{"start":{"line":121,"column":26},"end":{"line":121,"column":27}},"loc":{"start":{"line":121,"column":43},"end":{"line":121,"column":62}}},"17":{"name":"(anonymous_17)","decl":{"start":{"line":124,"column":10},"end":{"line":124,"column":18}},"loc":{"start":{"line":124,"column":33},"end":{"line":126,"column":3}}}},"branchMap":{"0":{"loc":{"start":{"line":53,"column":21},"end":{"line":57,"column":null}},"type":"default-arg","locations":[{"start":{"line":53,"column":42},"end":{"line":57,"column":null}}]},"1":{"loc":{"start":{"line":83,"column":10},"end":{"line":85,"column":13}},"type":"if","locations":[{"start":{"line":83,"column":10},"end":{"line":85,"column":13}},{"start":{},"end":{}}]},"2":{"loc":{"start":{"line":92,"column":10},"end":{"line":94,"column":11}},"type":"if","locations":[{"start":{"line":92,"column":10},"end":{"line":94,"column":11}},{"start":{},"end":{}}]},"3":{"loc":{"start":{"line":101,"column":10},"end":{"line":103,"column":11}},"type":"if","locations":[{"start":{"line":101,"column":10},"end":{"line":103,"column":11}},{"start":{},"end":{}}]},"4":{"loc":{"start":{"line":125,"column":13},"end":{"line":125,"column":74}},"type":"cond-expr","locations":[{"start":{"line":125,"column":34},"end":{"line":125,"column":35}},{"start":{"line":125,"column":37},"end":{"line":125,"column":74}}]}},"s":{"0":4,"1":4,"2":4,"3":1,"4":3,"5":3,"6":3,"7":2,"8":1,"9":0,"10":0,"11":1,"12":0,"13":1,"14":1,"15":0,"16":0,"17":1,"18":0,"19":0,"20":0,"21":1,"22":1,"23":0,"24":0,"25":1,"26":0,"27":0,"28":1,"29":0,"30":0,"31":1,"32":2,"33":6,"34":0,"35":1},"f":{"0":4,"1":1,"2":3,"3":0,"4":0,"5":1,"6":0,"7":1,"8":0,"9":0,"10":0,"11":0,"12":0,"13":0,"14":0,"15":2,"16":6,"17":0},"b":{"0":[1],"1":[0,0],"2":[0,0],"3":[0,0],"4":[0,0]}}
,"/home/shadi/SE2web/SE2/src/index.ts": {"path":"/home/shadi/SE2web/SE2/src/index.ts","statementMap":{"0":{"start":{"line":1,"column":0},"end":{"line":1,"column":118}},"1":{"start":{"line":5,"column":17},"end":{"line":11,"column":4}},"2":{"start":{"line":13,"column":15},"end":{"line":17,"column":5}},"3":{"start":{"line":19,"column":23},"end":{"line":19,"column":85}},"4":{"start":{"line":20,"column":0},"end":{"line":22,"column":1}},"5":{"start":{"line":21,"column":2},"end":{"line":21,"column":51}},"6":{"start":{"line":24,"column":14},"end":{"line":24,"column":15}},"7":{"start":{"line":27,"column":16},"end":{"line":27,"column":24}},"8":{"start":{"line":28,"column":17},"end":{"line":28,"column":19}},"9":{"start":{"line":29,"column":0},"end":{"line":29,"column":43}},"10":{"start":{"line":32,"column":2},"end":{"line":32,"column":58}},"11":{"start":{"line":36,"column":2},"end":{"line":36,"column":65}},"12":{"start":{"line":39,"column":2},"end":{"line":39,"column":68}},"13":{"start":{"line":42,"column":18},"end":{"line":42,"column":19}},"14":{"start":{"line":43,"column":23},"end":{"line":43,"column":59}},"15":{"start":{"line":44,"column":2},"end":{"line":44,"column":48}},"16":{"start":{"line":47,"column":24},"end":{"line":47,"column":26}},"17":{"start":{"line":48,"column":27},"end":{"line":48,"column":69}},"18":{"start":{"line":49,"column":2},"end":{"line":49,"column":68}}},"fnMap":{},"branchMap":{},"s":{"0":0,"1":0,"2":0,"3":0,"4":0,"5":0,"6":0,"7":0,"8":0,"9":0,"10":0,"11":0,"12":0,"13":0,"14":0,"15":0,"16":0,"17":0,"18":0},"f":{},"b":{}}
,"/home/shadi/SE2web/SE2/src/config/index.ts": {"path":"/home/shadi/SE2web/SE2/src/config/index.ts","statementMap":{"0":{"start":{"line":1,"column":0},"end":{"line":1,"column":27}},"1":{"start":{"line":2,"column":0},"end":{"line":2,"column":23}},"2":{"start":{"line":3,"column":0},"end":{"line":3,"column":null}},"3":{"start":{"line":6,"column":0},"end":{"line":9,"column":null}}},"fnMap":{},"branchMap":{"0":{"loc":{"start":{"line":8,"column":13},"end":{"line":8,"column":51}},"type":"binary-expr","locations":[{"start":{"line":8,"column":13},"end":{"line":8,"column":31}},{"start":{"line":8,"column":35},"end":{"line":8,"column":51}}]}},"s":{"0":0,"1":0,"2":0,"3":0},"f":{},"b":{"0":[0,0]}}
}
