TN:
SF:src/app.ts
FN:18,(anonymous_0)
FN:21,(anonymous_1)
FN:24,(anonymous_2)
FN:33,(anonymous_3)
FN:34,(anonymous_4)
FN:36,(anonymous_5)
FN:40,(anonymous_6)
FN:53,(anonymous_7)
FN:63,(anonymous_8)
FN:64,(anonymous_9)
FN:69,(anonymous_10)
FN:82,(anonymous_11)
FN:91,(anonymous_12)
FN:100,(anonymous_13)
FN:109,(anonymous_14)
FN:120,(anonymous_15)
FN:121,(anonymous_16)
FN:124,(anonymous_17)
FNF:18
FNH:7
FNDA:4,(anonymous_0)
FNDA:1,(anonymous_1)
FNDA:3,(anonymous_2)
FNDA:0,(anonymous_3)
FNDA:0,(anonymous_4)
FNDA:1,(anonymous_5)
FNDA:0,(anonymous_6)
FNDA:1,(anonymous_7)
FNDA:0,(anonymous_8)
FNDA:0,(anonymous_9)
FNDA:0,(anonymous_10)
FNDA:0,(anonymous_11)
FNDA:0,(anonymous_12)
FNDA:0,(anonymous_13)
FNDA:0,(anonymous_14)
FNDA:2,(anonymous_15)
FNDA:6,(anonymous_16)
FNDA:0,(anonymous_17)
DA:15,1
DA:17,4
DA:18,4
DA:22,1
DA:25,3
DA:26,3
DA:27,3
DA:28,2
DA:30,1
DA:34,0
DA:38,1
DA:41,0
DA:52,1
DA:53,1
DA:64,0
DA:68,1
DA:70,0
DA:72,1
DA:83,0
DA:84,0
DA:90,1
DA:92,0
DA:93,0
DA:99,1
DA:101,0
DA:102,0
DA:107,1
DA:110,0
DA:111,0
DA:118,1
DA:121,6
DA:125,0
LF:32
LH:19
BRDA:53,0,0,1
BRDA:83,1,0,0
BRDA:83,1,1,0
BRDA:92,2,0,0
BRDA:92,2,1,0
BRDA:101,3,0,0
BRDA:101,3,1,0
BRDA:125,4,0,0
BRDA:125,4,1,0
BRF:9
BRH:1
end_of_record
TN:
SF:src/index.ts
FNF:0
FNH:0
DA:1,0
DA:5,0
DA:13,0
DA:19,0
DA:20,0
DA:21,0
DA:24,0
DA:27,0
DA:28,0
DA:29,0
DA:32,0
DA:36,0
DA:39,0
DA:42,0
DA:43,0
DA:44,0
DA:47,0
DA:48,0
DA:49,0
LF:19
LH:0
BRF:0
BRH:0
end_of_record
TN:
SF:src/config/index.ts
FNF:0
FNH:0
DA:1,0
DA:2,0
DA:3,0
DA:6,0
LF:4
LH:0
BRDA:8,0,0,0
BRDA:8,0,1,0
BRF:2
BRH:0
end_of_record
